start????????????????????????  
Date Sat Nov 16 2019 21:47:59 GMT+0000 (Greenwich Mean Time)
/js/cljs-runtime/workshop.client.js:4:16
shadow-cljs: WebSocket connected! /js/cljs-runtime/shadow.cljs.devtools.client.browser.js:49:20
shadow-cljs: REPL session start successful /js/cljs-runtime/shadow.cljs.devtools.client.browser.js:49:20
shadow-cljs: load JS workshop/client.cljs /js/cljs-runtime/shadow.cljs.devtools.client.browser.js:49:20
shadow-cljs: call workshop.client/start! /js/cljs-runtime/shadow.cljs.devtools.client.browser.js:49:20
start?? 
Date Sat Nov 16 2019 21:48:14 GMT+0000 (Greenwich Mean Time)
workshop/client.cljs:4:16
shadow-cljs: load JS workshop/client.cljs /js/cljs-runtime/shadow.cljs.devtools.client.browser.js:49:20
shadow-cljs: call workshop.client/start! /js/cljs-runtime/shadow.cljs.devtools.client.browser.js:49:20
start???? 
Date Sat Nov 16 2019 21:48:17 GMT+0000 (Greenwich Mean Time)
workshop/client.cljs:4:16
shadow-cljs: load JS workshop/client.cljs /js/cljs-runtime/shadow.cljs.devtools.client.browser.js:49:20
shadow-cljs: call workshop.client/start! /js/cljs-runtime/shadow.cljs.devtools.client.browser.js:49:20
start.... 
Date Sat Nov 16 2019 21:48:23 GMT+0000 (Greenwich Mean Time)
workshop/client.cljs:4:16

​