PS C:\Jack\Projects\shadow-zero-compiled> npx shadow-cljs clj-repl
shadow-cljs - config: C:\Jack\Projects\shadow-zero-compiled\shadow-cljs.edn  cli version: 2.8.69  node: v12.13.0
shadow-cljs - updating dependencies
Retrieving org/clojure/tools.analyzer.jvm/0.7.0/tools.analyzer.jvm-0.7.0.pom from https://repo1.maven.org/maven2/
Retrieving org/wildfly/common/wildfly-common/1.3.0.Beta1/wildfly-common-1.3.0.Beta1.pom from https://repo1.maven.org/maven2/
Retrieving thheller/shadow-cljs/2.8.69/shadow-cljs-2.8.69-aot.jar from https://clojars.org/repo/
shadow-cljs - dependencies updated
shadow-cljs - HTTP server available at http://localhost:8700
shadow-cljs - server version: 2.8.69 running at http://localhost:9630
shadow-cljs - nREPL server started on port 55760
shadow-cljs - REPL - see (help)
To quit, type: :repl/quit
shadow.user=> (shadow/watch :workshop)
[:workshop] Configuring build.
[:workshop] Compiling ...
:watching
shadow.user=> [:workshop] Build completed. (135 files, 134 compiled, 0 warnings, 7.48s)
[:workshop] Compiling ...
[:workshop] Build completed. (135 files, 0 compiled, 0 warnings, 0.14s)
[:workshop] Compiling ...
[:workshop] Build completed. (135 files, 0 compiled, 0 warnings, 0.14s)
[:workshop] Compiling ...
[:workshop] Build completed. (135 files, 1 compiled, 0 warnings, 0.14s)
[:workshop] Compiling ...
[:workshop] Build completed. (135 files, 1 compiled, 0 warnings, 0.14s)
[:workshop] Compiling ...
[:workshop] Build completed. (135 files, 0 compiled, 0 warnings, 0.14s)
[:workshop] Compiling ...
[:workshop] Build completed. (135 files, 0 compiled, 0 warnings, 0.14s)
[:workshop] Compiling ...
[:workshop] Build completed. (135 files, 0 compiled, 0 warnings, 0.13s)
[:workshop] Compiling ...
[:workshop] Build completed. (135 files, 1 compiled, 0 warnings, 0.14s)
[:workshop] Compiling ...
[:workshop] Build completed. (135 files, 0 compiled, 0 warnings, 0.14s)